2015-01-02 22:10:43,952 - SimpleLogging - DEBUG - Program Started
2015-01-02 22:11:37,739 - SimpleLogging - DEBUG - Program quits
2015-01-02 22:11:44,011 - SimpleLogging - DEBUG - Program Started
2015-01-02 22:12:20,631 - SimpleLogging - DEBUG - Product created : ID - 3, Name - 3:1, Price - 12.1, Unit - br, Case - 90 
2015-01-02 22:12:36,375 - SimpleLogging - DEBUG - Product Edited : ID - 2, Name - 10:1, Price - 11.0, Unit - br, Case - 250 
2015-01-02 22:24:30,310 - SimpleLogging - DEBUG - Program quits
2015-01-02 22:35:08,641 - StoreMSystem - DEBUG - Program Started
2015-01-02 22:36:58,680 - StoreMSystem - DEBUG - Program quits
2015-01-02 22:37:27,093 - StoreMSystem - DEBUG - Program Started
2015-01-02 22:37:52,533 - StoreMSystem - DEBUG - Order Incoming : ID - 1, Date - 1234-01-01, Vendor - 123, Products - [(1, 1.12, 12), (2, 11.0, 123), (3, 12.1, 32)], Total - 1753.64
2015-01-02 22:47:08,235 - StoreMSystem - DEBUG - Program quits
2015-01-02 23:17:50,711 - StoreMSystem - DEBUG - Program Started
2015-01-02 23:18:18,134 - StoreMSystem - DEBUG - Viewing product with ID - 1
2015-01-02 23:18:21,095 - StoreMSystem - DEBUG - Viewing product with ID - 2
2015-01-02 23:18:23,104 - StoreMSystem - DEBUG - Viewing product with ID - 3
2015-01-02 23:18:30,699 - StoreMSystem - DEBUG - Viewing Inventory
2015-01-02 23:18:34,340 - StoreMSystem - DEBUG - Exporting Counting Inventory
2015-01-02 23:19:50,752 - StoreMSystem - DEBUG - Program quits
2015-01-02 23:19:58,555 - StoreMSystem - DEBUG - Program Started
2015-01-02 23:20:11,954 - StoreMSystem - DEBUG - Viewing Inventory
2015-01-02 23:20:23,348 - StoreMSystem - DEBUG - Viewing Order ID - 1
2015-01-02 23:20:37,179 - StoreMSystem - DEBUG - Viewing Order history
2015-01-02 23:20:40,280 - StoreMSystem - DEBUG - Viewing Order history
2015-01-02 23:20:43,393 - StoreMSystem - DEBUG - Viewing Order history
2015-01-02 23:22:35,894 - StoreMSystem - DEBUG - Program quits
2015-01-02 23:22:40,887 - StoreMSystem - DEBUG - Program Started
2015-01-02 23:22:47,321 - StoreMSystem - DEBUG - Viewing Order ID - 1 and from 0001-01-01
2015-01-02 23:25:29,114 - StoreMSystem - DEBUG - Program quits
2015-01-02 23:25:31,874 - StoreMSystem - DEBUG - Program Started
2015-01-02 23:25:52,853 - StoreMSystem - DEBUG - Viewing Order ID - 1 and from 0001-01-01
2015-01-02 23:26:21,746 - StoreMSystem - DEBUG - Program quits
2015-01-02 23:26:23,612 - StoreMSystem - DEBUG - Program Started
2015-01-02 23:26:29,805 - StoreMSystem - DEBUG - Viewing Order ID - 1 and from 0001-01-01
2015-01-02 23:26:58,751 - StoreMSystem - DEBUG - Program quits
2015-01-02 23:27:00,135 - StoreMSystem - DEBUG - Program Started
2015-01-02 23:27:05,332 - StoreMSystem - DEBUG - Viewing Order ID - 1 and from 0001-01-01
2015-01-02 23:28:19,278 - StoreMSystem - DEBUG - Program quits
2015-01-02 23:28:20,690 - StoreMSystem - DEBUG - Program Started
2015-01-02 23:28:24,698 - StoreMSystem - DEBUG - Viewing Order ID - 1 and from 0001-01-01
2015-01-02 23:29:09,238 - StoreMSystem - DEBUG - Program quits
2015-01-02 23:29:10,533 - StoreMSystem - DEBUG - Program Started
2015-01-02 23:29:14,657 - StoreMSystem - DEBUG - Viewing Order ID - 1 and from 0001-01-01
2015-01-02 23:29:25,327 - StoreMSystem - DEBUG - Program Started
2015-01-02 23:29:30,960 - StoreMSystem - DEBUG - Viewing Order ID - 1 and from 0001-01-01
2015-01-02 23:30:29,053 - StoreMSystem - DEBUG - Program Started
2015-01-02 23:30:41,454 - StoreMSystem - DEBUG - Viewing Order ID - 1 and from 0001-01-01
2015-01-02 23:30:55,923 - StoreMSystem - DEBUG - Program Started
2015-01-02 23:31:00,878 - StoreMSystem - DEBUG - Viewing Order ID - 1 and from 0001-01-01
2015-01-02 23:31:06,023 - StoreMSystem - DEBUG - Program Started
2015-01-02 23:31:10,211 - StoreMSystem - DEBUG - Viewing Order ID - 1 and from 0001-01-01
2015-01-02 23:32:00,139 - StoreMSystem - DEBUG - Program Started
2015-01-02 23:32:04,739 - StoreMSystem - DEBUG - Viewing Order ID - 1 and from 0001-01-01
2015-01-02 23:32:21,970 - StoreMSystem - DEBUG - Program Started
2015-01-02 23:32:26,115 - StoreMSystem - DEBUG - Viewing Order ID - 1 and from 0001-01-01
2015-01-02 23:32:51,675 - StoreMSystem - DEBUG - Program Started
2015-01-02 23:32:57,754 - StoreMSystem - DEBUG - Viewing Order ID - 1 and from 0001-01-01
2015-01-02 23:42:56,683 - StoreMSystem - DEBUG - Program quits
2015-01-04 12:19:05,030 - StoreMSystem - DEBUG - Program Started
